[0m22:04:33.605034 [debug] [MainThread]: Sending event: {'category': 'dbt', 'action': 'invocation', 'label': 'start', 'context': [<snowplow_tracker.self_describing_json.SelfDescribingJson object at 0x000001FC017ACA60>, <snowplow_tracker.self_describing_json.SelfDescribingJson object at 0x000001FC00681D30>, <snowplow_tracker.self_describing_json.SelfDescribingJson object at 0x000001FC00681670>]}


============================== 22:04:33.605034 | 5952ca34-5d3b-46c6-ad40-f919bfdf1fa1 ==============================
[0m22:04:33.605034 [info ] [MainThread]: Running with dbt=1.7.14
[0m22:04:33.605034 [debug] [MainThread]: running dbt with arguments {'printer_width': '80', 'indirect_selection': 'eager', 'log_cache_events': 'False', 'write_json': 'True', 'partial_parse': 'True', 'cache_selected_only': 'False', 'warn_error': 'None', 'debug': 'False', 'version_check': 'True', 'log_path': 'logs', 'profiles_dir': 'C:\\Users\\spenc\\.dbt', 'fail_fast': 'False', 'use_colors': 'True', 'use_experimental_parser': 'False', 'no_print': 'None', 'quiet': 'False', 'log_format': 'default', 'invocation_command': 'dbt init dbt_first_project', 'static_parser': 'True', 'introspect': 'True', 'target_path': 'None', 'warn_error_options': 'WarnErrorOptions(include=[], exclude=[])', 'send_anonymous_usage_stats': 'True'}
[0m22:04:33.610308 [warn ] [MainThread]: [ConfigFolderDirectory]: Unable to parse dict {'dir': WindowsPath('C:/Users/spenc/.dbt')}
[0m22:04:33.610308 [info ] [MainThread]: Creating dbt configuration folder at 
[0m22:04:33.610308 [debug] [MainThread]: Starter project path: c:\users\spenc\desktop\data analytics\analytics engineeing bootcamp\dbt_project\dbt_env\lib\site-packages\dbt\include\starter_project
[0m22:04:33.623134 [info ] [MainThread]: 
Your new dbt project "dbt_first_project" was created!

For more information on how to configure the profiles.yml file,
please consult the dbt documentation here:

  https://docs.getdbt.com/docs/configure-your-profile

One more thing:

Need help? Don't hesitate to reach out to us via GitHub issues or on Slack:

  https://community.getdbt.com/

Happy modeling!

[0m22:04:33.624134 [info ] [MainThread]: Setting up your profile.
[0m22:29:28.116635 [info ] [MainThread]: Profile dbt_first_project written to C:\Users\spenc\.dbt\profiles.yml using target's profile_template.yml and your supplied values. Run 'dbt debug' to validate the connection.
[0m22:29:28.116635 [debug] [MainThread]: Command `dbt init` succeeded at 22:29:28.116635 after 1494.55 seconds
[0m22:29:28.116635 [debug] [MainThread]: Sending event: {'category': 'dbt', 'action': 'invocation', 'label': 'end', 'context': [<snowplow_tracker.self_describing_json.SelfDescribingJson object at 0x000001FC017ACA60>, <snowplow_tracker.self_describing_json.SelfDescribingJson object at 0x000001FC020D7160>, <snowplow_tracker.self_describing_json.SelfDescribingJson object at 0x000001FC006AC820>]}
[0m22:29:28.116635 [debug] [MainThread]: Flushing usage events
[0m22:31:04.029090 [debug] [MainThread]: Sending event: {'category': 'dbt', 'action': 'invocation', 'label': 'start', 'context': [<snowplow_tracker.self_describing_json.SelfDescribingJson object at 0x000001A120F29AC0>, <snowplow_tracker.self_describing_json.SelfDescribingJson object at 0x000001A120609040>, <snowplow_tracker.self_describing_json.SelfDescribingJson object at 0x000001A1205F4C40>]}


============================== 22:31:04.029090 | 81138868-9e79-4a29-a0a3-e4431cc93f7c ==============================
[0m22:31:04.029090 [info ] [MainThread]: Running with dbt=1.7.14
[0m22:31:04.029090 [debug] [MainThread]: running dbt with arguments {'printer_width': '80', 'indirect_selection': 'eager', 'log_cache_events': 'False', 'write_json': 'True', 'partial_parse': 'True', 'cache_selected_only': 'False', 'warn_error': 'None', 'debug': 'False', 'version_check': 'True', 'log_path': 'logs', 'profiles_dir': 'C:\\Users\\spenc\\.dbt', 'fail_fast': 'False', 'use_colors': 'True', 'use_experimental_parser': 'False', 'no_print': 'None', 'quiet': 'False', 'warn_error_options': 'WarnErrorOptions(include=[], exclude=[])', 'invocation_command': 'dbt debug', 'static_parser': 'True', 'log_format': 'default', 'target_path': 'None', 'introspect': 'True', 'send_anonymous_usage_stats': 'True'}
[0m22:31:04.029090 [info ] [MainThread]: dbt version: 1.7.14
[0m22:31:04.029090 [info ] [MainThread]: python version: 3.8.2
[0m22:31:04.029090 [info ] [MainThread]: python path: c:\users\spenc\desktop\data analytics\analytics engineeing bootcamp\dbt_project\dbt_env\scripts\python.exe
[0m22:31:04.029090 [info ] [MainThread]: os info: Windows-10-10.0.22621-SP0
[0m22:31:04.083779 [info ] [MainThread]: Using profiles dir at C:\Users\spenc\.dbt
[0m22:31:04.083779 [info ] [MainThread]: Using profiles.yml file at C:\Users\spenc\.dbt\profiles.yml
[0m22:31:04.083779 [info ] [MainThread]: Using dbt_project.yml file at C:\Users\spenc\Desktop\Data Analytics\Analytics Engineeing Bootcamp\dbt_project\dbt_project\dbt_project.yml
[0m22:31:04.083779 [info ] [MainThread]: adapter type: postgres
[0m22:31:04.083779 [info ] [MainThread]: adapter version: 1.7.14
[0m22:31:04.088785 [info ] [MainThread]: Configuration:
[0m22:31:04.088785 [info ] [MainThread]:   profiles.yml file [[32mOK found and valid[0m]
[0m22:31:04.088785 [info ] [MainThread]:   dbt_project.yml file [[31mERROR not found[0m]
[0m22:31:04.088785 [info ] [MainThread]: Required dependencies:
[0m22:31:04.090444 [debug] [MainThread]: Executing "git --help"
[0m22:31:04.125874 [debug] [MainThread]: STDOUT: "b"usage: git [-v | --version] [-h | --help] [-C <path>] [-c <name>=<value>]\n           [--exec-path[=<path>]] [--html-path] [--man-path] [--info-path]\n           [-p | --paginate | -P | --no-pager] [--no-replace-objects] [--bare]\n           [--git-dir=<path>] [--work-tree=<path>] [--namespace=<name>]\n           [--config-env=<name>=<envvar>] <command> [<args>]\n\nThese are common Git commands used in various situations:\n\nstart a working area (see also: git help tutorial)\n   clone     Clone a repository into a new directory\n   init      Create an empty Git repository or reinitialize an existing one\n\nwork on the current change (see also: git help everyday)\n   add       Add file contents to the index\n   mv        Move or rename a file, a directory, or a symlink\n   restore   Restore working tree files\n   rm        Remove files from the working tree and from the index\n\nexamine the history and state (see also: git help revisions)\n   bisect    Use binary search to find the commit that introduced a bug\n   diff      Show changes between commits, commit and working tree, etc\n   grep      Print lines matching a pattern\n   log       Show commit logs\n   show      Show various types of objects\n   status    Show the working tree status\n\ngrow, mark and tweak your common history\n   branch    List, create, or delete branches\n   commit    Record changes to the repository\n   merge     Join two or more development histories together\n   rebase    Reapply commits on top of another base tip\n   reset     Reset current HEAD to the specified state\n   switch    Switch branches\n   tag       Create, list, delete or verify a tag object signed with GPG\n\ncollaborate (see also: git help workflows)\n   fetch     Download objects and refs from another repository\n   pull      Fetch from and integrate with another repository or a local branch\n   push      Update remote refs along with associated objects\n\n'git help -a' and 'git help -g' list available subcommands and some\nconcept guides. See 'git help <command>' or 'git help <concept>'\nto read about a specific subcommand or concept.\nSee 'git help git' for an overview of the system.\n""
[0m22:31:04.125874 [debug] [MainThread]: STDERR: "b''"
[0m22:31:04.126875 [info ] [MainThread]:  - git [[32mOK found[0m]

[0m22:31:04.126875 [info ] [MainThread]: Connection:
[0m22:31:04.127875 [info ] [MainThread]:   host: localhost
[0m22:31:04.127875 [info ] [MainThread]:   port: 5432
[0m22:31:04.127875 [info ] [MainThread]:   user: postgres
[0m22:31:04.128874 [info ] [MainThread]:   database: instacart_dump
[0m22:31:04.129380 [info ] [MainThread]:   schema: public
[0m22:31:04.129380 [info ] [MainThread]:   connect_timeout: 10
[0m22:31:04.130387 [info ] [MainThread]:   role: None
[0m22:31:04.130387 [info ] [MainThread]:   search_path: None
[0m22:31:04.130387 [info ] [MainThread]:   keepalives_idle: 0
[0m22:31:04.131386 [info ] [MainThread]:   sslmode: None
[0m22:31:04.131386 [info ] [MainThread]:   sslcert: None
[0m22:31:04.131386 [info ] [MainThread]:   sslkey: None
[0m22:31:04.132385 [info ] [MainThread]:   sslrootcert: None
[0m22:31:04.132385 [info ] [MainThread]:   application_name: dbt
[0m22:31:04.132385 [info ] [MainThread]:   retries: 1
[0m22:31:04.133386 [info ] [MainThread]: Registered adapter: postgres=1.7.14
[0m22:31:04.134538 [debug] [MainThread]: Acquiring new postgres connection 'debug'
[0m22:31:04.134538 [debug] [MainThread]: Using postgres connection "debug"
[0m22:31:04.134538 [debug] [MainThread]: On debug: select 1 as id
[0m22:31:04.135552 [debug] [MainThread]: Opening a new connection, currently in state init
[0m22:31:04.207024 [debug] [MainThread]: SQL status: SELECT 1 in 0.0 seconds
[0m22:31:04.207024 [debug] [MainThread]: On debug: Close
[0m22:31:04.209029 [info ] [MainThread]:   Connection test: [[32mOK connection ok[0m]

[0m22:31:04.209029 [info ] [MainThread]: [31m1 check failed:[0m
[0m22:31:04.209029 [info ] [MainThread]: Project loading failed for the following reason:
 project path <C:\Users\spenc\Desktop\Data Analytics\Analytics Engineeing Bootcamp\dbt_project\dbt_project\dbt_project.yml> not found

[0m22:31:04.209029 [debug] [MainThread]: Command `dbt debug` failed at 22:31:04.209029 after 0.22 seconds
[0m22:31:04.209029 [debug] [MainThread]: Connection 'debug' was properly closed.
[0m22:31:04.209029 [debug] [MainThread]: Sending event: {'category': 'dbt', 'action': 'invocation', 'label': 'end', 'context': [<snowplow_tracker.self_describing_json.SelfDescribingJson object at 0x000001A120F29AC0>, <snowplow_tracker.self_describing_json.SelfDescribingJson object at 0x000001A123990370>, <snowplow_tracker.self_describing_json.SelfDescribingJson object at 0x000001A123990BE0>]}
[0m22:31:04.209029 [debug] [MainThread]: Flushing usage events
